# JRE version: OpenJDK Runtime Environment (11.0.12) (build 11.0.12+0-b1504.28-7817840)
# Java VM: OpenJDK 64-Bit Server VM (11.0.12+0-b1504.28-7817840, mixed mode, tiered, compressed oops, g1 gc, linux-amd64)
Heap:
 garbage-first heap   total 315392K, used 100962K [0x00000000e0000000, 0x0000000100000000)
  region size 1024K, 12 young (12288K), 2 survivors (2048K)
 Metaspace       used 132176K, capacity 136715K, committed 137208K, reserved 372736K
  class space    used 16626K, capacity 18326K, committed 18456K, reserved 253952K
GC Heap History (20 events):
Event: 5262.871 GC heap before
{Heap before GC invocations=40 (full 0):
 garbage-first heap   total 296960K, used 96238K [0x00000000e0000000, 0x0000000100000000)
  region size 1024K, 14 young (14336K), 6 survivors (6144K)
 Metaspace       used 131485K, capacity 136031K, committed 136312K, reserved 372736K
  class space    used 16621K, capacity 18295K, committed 18328K, reserved 253952K
}
Event: 5262.875 GC heap after
{Heap after GC invocations=41 (full 0):
 garbage-first heap   total 296960K, used 88975K [0x00000000e0000000, 0x0000000100000000)
  region size 1024K, 1 young (1024K), 1 survivors (1024K)
 Metaspace       used 131485K, capacity 136031K, committed 136312K, reserved 372736K
  class space    used 16621K, capacity 18295K, committed 18328K, reserved 253952K
}
Event: 5264.247 GC heap before
{Heap before GC invocations=41 (full 0):
 garbage-first heap   total 296960K, used 125839K [0x00000000e0000000, 0x0000000100000000)
  region size 1024K, 39 young (39936K), 1 survivors (1024K)
 Metaspace       used 131598K, capacity 136147K, committed 136312K, reserved 372736K
  class space    used 16626K, capacity 18304K, committed 18328K, reserved 253952K
}
Event: 5264.256 GC heap after
{Heap after GC invocations=42 (full 0):
 garbage-first heap   total 296960K, used 92192K [0x00000000e0000000, 0x0000000100000000)
  region size 1024K, 5 young (5120K), 5 survivors (5120K)
 Metaspace       used 131598K, capacity 136147K, committed 136312K, reserved 372736K
  class space    used 16626K, capacity 18304K, committed 18328K, reserved 253952K
}
Event: 6314.978 GC heap before
{Heap before GC invocations=43 (full 0):
 garbage-first heap   total 296960K, used 294944K [0x00000000e0000000, 0x0000000100000000)
  region size 1024K, 102 young (104448K), 5 survivors (5120K)
 Metaspace       used 131723K, capacity 136279K, committed 136568K, reserved 372736K
  class space    used 16628K, capacity 18306K, committed 18328K, reserved 253952K
}
Event: 6314.982 GC heap after
{Heap after GC invocations=44 (full 0):
 garbage-first heap   total 304128K, used 94631K [0x00000000e0000000, 0x0000000100000000)
  region size 1024K, 7 young (7168K), 7 survivors (7168K)
 Metaspace       used 131723K, capacity 136279K, committed 136568K, reserved 372736K
  class space    used 16628K, capacity 18306K, committed 18328K, reserved 253952K
}
Event: 6315.007 GC heap before
{Heap before GC invocations=44 (full 0):
 garbage-first heap   total 304128K, used 100775K [0x00000000e0000000, 0x0000000100000000)
  region size 1024K, 14 young (14336K), 7 survivors (7168K)
 Metaspace       used 131723K, capacity 136279K, committed 136568K, reserved 372736K
  class space    used 16628K, capacity 18306K, committed 18328K, reserved 253952K
}
Event: 6315.011 GC heap after
{Heap after GC invocations=45 (full 0):
 garbage-first heap   total 304128K, used 89283K [0x00000000e0000000, 0x0000000100000000)
  region size 1024K, 2 young (2048K), 2 survivors (2048K)
 Metaspace       used 131723K, capacity 136279K, committed 136568K, reserved 372736K
  class space    used 16628K, capacity 18306K, committed 18328K, reserved 253952K
}
Event: 6316.719 GC heap before
{Heap before GC invocations=45 (full 0):
 garbage-first heap   total 304128K, used 131267K [0x00000000e0000000, 0x0000000100000000)
  region size 1024K, 45 young (46080K), 2 survivors (2048K)
 Metaspace       used 131867K, capacity 136427K, committed 136568K, reserved 372736K
  class space    used 16635K, capacity 18320K, committed 18328K, reserved 253952K
}
Event: 6316.763 GC heap after
{Heap after GC invocations=46 (full 0):
 garbage-first heap   total 304128K, used 92809K [0x00000000e0000000, 0x0000000100000000)
  region size 1024K, 5 young (5120K), 5 survivors (5120K)
 Metaspace       used 131867K, capacity 136427K, committed 136568K, reserved 372736K
  class space    used 16635K, capacity 18320K, committed 18328K, reserved 253952K
}
Event: 7970.641 GC heap before
{Heap before GC invocations=47 (full 0):
 garbage-first heap   total 304128K, used 302729K [0x00000000e0000000, 0x0000000100000000)
  region size 1024K, 109 young (111616K), 5 survivors (5120K)
 Metaspace       used 131973K, capacity 136523K, committed 136568K, reserved 372736K
  class space    used 16639K, capacity 18326K, committed 18328K, reserved 253952K
}
Event: 7970.648 GC heap after
{Heap after GC invocations=48 (full 0):
 garbage-first heap   total 309248K, used 92894K [0x00000000e0000000, 0x0000000100000000)
  region size 1024K, 5 young (5120K), 5 survivors (5120K)
 Metaspace       used 131973K, capacity 136523K, committed 136568K, reserved 372736K
  class space    used 16639K, capacity 18326K, committed 18328K, reserved 253952K
}
Event: 8426.556 GC heap before
{Heap before GC invocations=48 (full 0):
 garbage-first heap   total 309248K, used 102110K [0x00000000e0000000, 0x0000000100000000)
  region size 1024K, 15 young (15360K), 5 survivors (5120K)
 Metaspace       used 131973K, capacity 136523K, committed 136568K, reserved 372736K
  class space    used 16639K, capacity 18326K, committed 18328K, reserved 253952K
}
Event: 8426.563 GC heap after
{Heap after GC invocations=49 (full 0):
 garbage-first heap   total 309248K, used 87772K [0x00000000e0000000, 0x0000000100000000)
  region size 1024K, 1 young (1024K), 1 survivors (1024K)
 Metaspace       used 131973K, capacity 136523K, committed 136568K, reserved 372736K
  class space    used 16639K, capacity 18326K, committed 18328K, reserved 253952K
}
Event: 9219.785 GC heap before
{Heap before GC invocations=49 (full 0):
 garbage-first heap   total 309248K, used 170716K [0x00000000e0000000, 0x0000000100000000)
  region size 1024K, 83 young (84992K), 1 survivors (1024K)
 Metaspace       used 132084K, capacity 136698K, committed 136952K, reserved 372736K
  class space    used 16643K, capacity 18361K, committed 18456K, reserved 253952K
}
Event: 9219.792 GC heap after
{Heap after GC invocations=50 (full 0):
 garbage-first heap   total 309248K, used 93088K [0x00000000e0000000, 0x0000000100000000)
  region size 1024K, 7 young (7168K), 7 survivors (7168K)
 Metaspace       used 132084K, capacity 136698K, committed 136952K, reserved 372736K
  class space    used 16643K, capacity 18361K, committed 18456K, reserved 253952K
}
Event: 9404.389 GC heap before
{Heap before GC invocations=51 (full 0):
 garbage-first heap   total 309248K, used 307104K [0x00000000e0000000, 0x0000000100000000)
  region size 1024K, 115 young (117760K), 7 survivors (7168K)
 Metaspace       used 132105K, capacity 136710K, committed 137208K, reserved 372736K
  class space    used 16625K, capacity 18325K, committed 18456K, reserved 253952K
}
Event: 9404.393 GC heap after
{Heap after GC invocations=52 (full 0):
 garbage-first heap   total 315392K, used 92974K [0x00000000e0000000, 0x0000000100000000)
  region size 1024K, 6 young (6144K), 6 survivors (6144K)
 Metaspace       used 132105K, capacity 136710K, committed 137208K, reserved 372736K
  class space    used 16625K, capacity 18325K, committed 18456K, reserved 253952K
}
Event: 9404.431 GC heap before
{Heap before GC invocations=52 (full 0):
 garbage-first heap   total 315392K, used 101166K [0x00000000e0000000, 0x0000000100000000)
  region size 1024K, 15 young (15360K), 6 survivors (6144K)
 Metaspace       used 132140K, capacity 136713K, committed 137208K, reserved 372736K
  class space    used 16626K, capacity 18326K, committed 18456K, reserved 253952K
}
Event: 9404.435 GC heap after
{Heap after GC invocations=53 (full 0):
 garbage-first heap   total 315392K, used 91746K [0x00000000e0000000, 0x0000000100000000)
  region size 1024K, 2 young (2048K), 2 survivors (2048K)
 Metaspace       used 132140K, capacity 136713K, committed 137208K, reserved 372736K
  class space    used 16626K, capacity 18326K, committed 18456K, reserved 253952K
}

